<?xml version="1.0" encoding="UTF-8"?>
<!-- Generated by org.testng.reporters.JUnitReportReporter -->
<testsuite hostname="SuneelReddy-PC" name="com.RESTJerseyExample.RestAssured.GetStudentByIdRestAssured" tests="7" failures="0" timestamp="14 Nov 2016 18:44:53 GMT" time="4.935" errors="0">
  <testcase name="getStudentUsingRestAssuredNegativeNumber" time="0.204" classname="com.RESTJerseyExample.RestAssured.GetStudentByIdRestAssured"/>
  <testcase name="getStudentUsingRestAssuredNegativeTestSymbol" time="0.041" classname="com.RESTJerseyExample.RestAssured.GetStudentByIdRestAssured"/>
  <testcase name="getStudentUsingRestAssuredNegativeUri" time="0.099" classname="com.RESTJerseyExample.RestAssured.GetStudentByIdRestAssured"/>
  <testcase name="getStudentUsingRestAssuredHappyPath" time="4.376" classname="com.RESTJerseyExample.RestAssured.GetStudentByIdRestAssured"/>
  <testcase name="getStudentUsingRestAssuredNegativeTestBlank" time="0.068" classname="com.RESTJerseyExample.RestAssured.GetStudentByIdRestAssured"/>
  <testcase name="getStudentUsingRestAssuredNegativeTestZero" time="0.102" classname="com.RESTJerseyExample.RestAssured.GetStudentByIdRestAssured"/>
  <testcase name="getStudentUsingRestAssuredNegativeTestCharacter" time="0.045" classname="com.RESTJerseyExample.RestAssured.GetStudentByIdRestAssured"/>
</testsuite> <!-- com.RESTJerseyExample.RestAssured.GetStudentByIdRestAssured -->
