<?xml version="1.0" encoding="UTF-8"?>
<!-- Generated by org.testng.reporters.JUnitReportReporter -->
<testsuite hostname="SuneelReddy-PC" name="com.RESTJerseyExample.test.GetStudentTest" tests="7" failures="0" timestamp="13 Nov 2016 22:45:44 GMT" time="1.246" errors="0">
  <testcase name="testHappyPathGetStudentById" time="0.864" classname="com.RESTJerseyExample.test.GetStudentTest"/>
  <testcase name="testNegativeTestCaseGetStudentIdByIdIsSpecialSymbol" time="0.025" classname="com.RESTJerseyExample.test.GetStudentTest"/>
  <testcase name="testNegativeTestCaseGetStudentByIdIsNegative" time="0.074" classname="com.RESTJerseyExample.test.GetStudentTest"/>
  <testcase name="testNegativeTestCaseGetStudentByIdIsBlank" time="0.038" classname="com.RESTJerseyExample.test.GetStudentTest"/>
  <testcase name="testNegativeTestCaseGetStudentByIdIsString" time="0.029" classname="com.RESTJerseyExample.test.GetStudentTest"/>
  <testcase name="testNegativeTestCaseGetStudent" time="0.066" classname="com.RESTJerseyExample.test.GetStudentTest"/>
  <testcase name="testNegativeCaseGetStudentById" time="0.150" classname="com.RESTJerseyExample.test.GetStudentTest"/>
</testsuite> <!-- com.RESTJerseyExample.test.GetStudentTest -->
