<?xml version="1.0" encoding="UTF-8"?>
<!-- Generated by org.testng.reporters.JUnitReportReporter -->
<testsuite hostname="SuneelReddy-PC" name="com.RESTJerseyExample.test.UpdateStudentTest" tests="4" failures="0" timestamp="13 Nov 2016 22:46:11 GMT" time="1.107" errors="0">
  <testcase name="updateStudentNegative" time="0.050" classname="com.RESTJerseyExample.test.UpdateStudentTest"/>
  <testcase name="updateStudentNegativeWithID" time="0.028" classname="com.RESTJerseyExample.test.UpdateStudentTest"/>
  <testcase name="updateStudentNegativeWithSymbol" time="0.036" classname="com.RESTJerseyExample.test.UpdateStudentTest"/>
  <testcase name="updateStudentHappyPath" time="0.993" classname="com.RESTJerseyExample.test.UpdateStudentTest"/>
</testsuite> <!-- com.RESTJerseyExample.test.UpdateStudentTest -->
