<?xml version="1.0" encoding="UTF-8"?>
<!-- Generated by org.testng.reporters.JUnitReportReporter -->
<testsuite hostname="SuneelReddy-PC" name="com.RESTJerseyExample.RestAssured.UpdateStudentRestAssured" tests="5" failures="0" timestamp="14 Nov 2016 21:05:15 GMT" time="3.323" errors="0">
  <testcase name="updateStudentRecordNegativeWithID" time="0.043" classname="com.RESTJerseyExample.RestAssured.UpdateStudentRestAssured"/>
  <testcase name="updateStudentRecordNegativeTestWithSpellingMistake" time="0.042" classname="com.RESTJerseyExample.RestAssured.UpdateStudentRestAssured"/>
  <testcase name="updateStudentRecordNegativeTestNull" time="0.081" classname="com.RESTJerseyExample.RestAssured.UpdateStudentRestAssured"/>
  <testcase name="updateStudentRecordHappyPath" time="3.120" classname="com.RESTJerseyExample.RestAssured.UpdateStudentRestAssured"/>
  <testcase name="updateTestStudentRecordNegativeUri" time="0.037" classname="com.RESTJerseyExample.RestAssured.UpdateStudentRestAssured"/>
</testsuite> <!-- com.RESTJerseyExample.RestAssured.UpdateStudentRestAssured -->
