<?xml version="1.0" encoding="UTF-8"?>
<!-- Generated by org.testng.reporters.JUnitReportReporter -->
<testsuite hostname="SuneelReddy-PC" name="com.RESTJerseyExample.test.GetAllStudentsTest" tests="2" failures="0" timestamp="13 Nov 2016 09:14:52 GMT" time="1.208" errors="0">
  <testcase name="getAllStudentsWithSpeelingMistake" time="0.034" classname="com.RESTJerseyExample.test.GetAllStudentsTest"/>
  <testcase name="getAllStudentsHappyPath" time="1.174" classname="com.RESTJerseyExample.test.GetAllStudentsTest"/>
</testsuite> <!-- com.RESTJerseyExample.test.GetAllStudentsTest -->
