<?xml version="1.0" encoding="UTF-8"?>
<!-- Generated by org.testng.reporters.JUnitReportReporter -->
<testsuite hostname="SuneelReddy-PC" name="com.RESTJerseyExample.test.DeleteStudentTest" tests="4" failures="0" timestamp="13 Nov 2016 22:44:43 GMT" time="1.231" errors="0">
  <testcase name="deleteStudentWithNegativeId" time="0.070" classname="com.RESTJerseyExample.test.DeleteStudentTest"/>
  <testcase name="deleteStudentNotInDatabase" time="0.208" classname="com.RESTJerseyExample.test.DeleteStudentTest"/>
  <testcase name="deleteStudentIsAString" time="0.065" classname="com.RESTJerseyExample.test.DeleteStudentTest"/>
  <testcase name="deleteStudentIsASpecialCharacter" time="0.888" classname="com.RESTJerseyExample.test.DeleteStudentTest"/>
</testsuite> <!-- com.RESTJerseyExample.test.DeleteStudentTest -->
