<?xml version="1.0" encoding="UTF-8"?>
<!-- Generated by org.testng.reporters.JUnitReportReporter -->
<testsuite hostname="SuneelReddy-PC" name="com.RESTJerseyExample.test.TestCasesUsingTestNG" tests="4" failures="0" timestamp="13 Nov 2016 22:42:53 GMT" time="1.283" errors="0">
  <testcase name="updateRecord" time="0.055" classname="com.RESTJerseyExample.test.TestCasesUsingTestNG"/>
  <testcase name="getByGiven" time="0.005" classname="com.RESTJerseyExample.test.TestCasesUsingTestNG"/>
  <testcase name="getallRecords" time="0.108" classname="com.RESTJerseyExample.test.TestCasesUsingTestNG"/>
  <testcase name="accessingStudent" time="1.115" classname="com.RESTJerseyExample.test.TestCasesUsingTestNG"/>
</testsuite> <!-- com.RESTJerseyExample.test.TestCasesUsingTestNG -->
