<?xml version="1.0" encoding="UTF-8"?>
<!-- Generated by org.testng.reporters.JUnitReportReporter -->
<testsuite hostname="SuneelReddy-PC" name="com.RESTJerseyExample.RestAssured.GetAllStudentsRestAssured" tests="6" failures="0" timestamp="14 Nov 2016 20:33:58 GMT" time="3.748" errors="0">
  <testcase name="getAllStudentsNegativeTestWithNull" time="0.049" classname="com.RESTJerseyExample.RestAssured.GetAllStudentsRestAssured"/>
  <testcase name="getAllStudentsNegativeTestWithSymbol" time="0.038" classname="com.RESTJerseyExample.RestAssured.GetAllStudentsRestAssured"/>
  <testcase name="getAllStudentsNegativeTestWithNegativeNumber" time="0.120" classname="com.RESTJerseyExample.RestAssured.GetAllStudentsRestAssured"/>
  <testcase name="getAllStudentsHappyPath" time="3.324" classname="com.RESTJerseyExample.RestAssured.GetAllStudentsRestAssured"/>
  <testcase name="getAllStudentsNegativeWrongUri" time="0.059" classname="com.RESTJerseyExample.RestAssured.GetAllStudentsRestAssured"/>
  <testcase name="getAllStudentsNegativeTestWithPostiveNumber" time="0.158" classname="com.RESTJerseyExample.RestAssured.GetAllStudentsRestAssured"/>
</testsuite> <!-- com.RESTJerseyExample.RestAssured.GetAllStudentsRestAssured -->
